<?xml version="1.0" encoding="UTF-8"?>
<testsuite xmlns:xsi="http://www.w3.org/2001/XMLSchema-instance" xsi:noNamespaceSchemaLocation="https://maven.apache.org/surefire/maven-surefire-plugin/xsd/surefire-test-report.xsd" name="StatsServiceTest" time="0.083" tests="6" errors="0" skipped="0" failures="0">
  <properties>
[...]
</properties>
  <testcase name="countMoreThanAvgTest6" classname="StatsServiceTest" time="0.044"/>
  <testcase name="minSalesMonth3" classname="StatsServiceTest" time="0"/>
  <testcase name="test1" classname="StatsServiceTest" time="0.002"/>
  <testcase name="test2" classname="StatsServiceTest" time="0.001"/>
  <testcase name="countLessThanAvgTest5" classname="StatsServiceTest" time="0.001"/>
  <testcase name="maxSalesMonthTest4" classname="StatsServiceTest" time="0.001"/>
</testsuite>